<?xml version="1.0" encoding="utf-8" standalone="no"?>
<!--This file represents the results of running a test suite-->
<test-results name="C:\Users\Haplo\Desktop\Info\Csharp\DForm\DForm.Tests\bin\Debug\DForm.Tests.dll" total="1" errors="0" failures="0" not-run="0" inconclusive="0" ignored="0" skipped="0" invalid="0" date="2015-07-23" time="09:08:37">
  <environment nunit-version="2.6.4.14350" clr-version="4.0.30319.34209" os-version="Microsoft Windows NT 6.1.7601 Service Pack 1" platform="Win32NT" cwd="C:\Users\Haplo\Desktop\Info\Csharp\DForm\DForm.Tests\bin\Debug" machine-name="HAPLO-PC" user="Haplo" user-domain="Haplo-PC" />
  <culture-info current-culture="fr-FR" current-uiculture="fr-FR" />
  <test-suite type="Assembly" name="C:\Users\Haplo\Desktop\Info\Csharp\DForm\DForm.Tests\bin\Debug\DForm.Tests.dll" executed="True" result="Success" success="True" time="0.169" asserts="0">
    <results>
      <test-suite type="Namespace" name="DForm" executed="True" result="Success" success="True" time="0.157" asserts="0">
        <results>
          <test-suite type="Namespace" name="Tests" executed="True" result="Success" success="True" time="0.157" asserts="0">
            <results>
              <test-suite type="TestFixture" name="Tests" executed="True" result="Success" success="True" time="0.155" asserts="0">
                <results>
                  <test-case name="DForm.Tests.Tests.LaTotale" executed="True" result="Success" success="True" time="0.144" asserts="7" />
                </results>
              </test-suite>
            </results>
          </test-suite>
        </results>
      </test-suite>
    </results>
  </test-suite>
</test-results>